{"C:\\Burger-queen-api-client\\src\\Components\\Logo\\logo.jsx": {"path":"C:\\Burger-queen-api-client\\src\\Components\\Logo\\logo.jsx","statementMap":{"0":{"start":{"line":6,"column":19},"end":{"line":12,"column":1}},"1":{"start":{"line":7,"column":2},"end":{"line":11,"column":4}}},"fnMap":{"0":{"name":"(anonymous_0)","decl":{"start":{"line":6,"column":19},"end":{"line":6,"column":20}},"loc":{"start":{"line":6,"column":25},"end":{"line":12,"column":1}},"line":6}},"branchMap":{},"s":{"0":1,"1":5},"f":{"0":5},"b":{},"_coverageSchema":"1a1c01bbd47fc00a2c39e90264f33305004495a9","hash":"9e87f40f9253127a91b0d03f5fc811cd005a1de2"}
,"C:\\Burger-queen-api-client\\src\\Components\\cardElement\\cardElement.jsx": {"path":"C:\\Burger-queen-api-client\\src\\Components\\cardElement\\cardElement.jsx","statementMap":{"0":{"start":{"line":7,"column":2},"end":{"line":16,"column":4}},"1":{"start":{"line":13,"column":31},"end":{"line":13,"column":45}}},"fnMap":{"0":{"name":"CardElement","decl":{"start":{"line":5,"column":24},"end":{"line":5,"column":35}},"loc":{"start":{"line":5,"column":77},"end":{"line":17,"column":1}},"line":5},"1":{"name":"(anonymous_1)","decl":{"start":{"line":13,"column":25},"end":{"line":13,"column":26}},"loc":{"start":{"line":13,"column":31},"end":{"line":13,"column":45}},"line":13}},"branchMap":{},"s":{"0":3,"1":1},"f":{"0":3,"1":1},"b":{},"_coverageSchema":"1a1c01bbd47fc00a2c39e90264f33305004495a9","hash":"2ed926acf39fe1a303be0f910272583187142659"}
,"C:\\Burger-queen-api-client\\src\\Components\\cardOrder\\cardOrder.jsx": {"path":"C:\\Burger-queen-api-client\\src\\Components\\cardOrder\\cardOrder.jsx","statementMap":{"0":{"start":{"line":6,"column":2},"end":{"line":23,"column":4}}},"fnMap":{"0":{"name":"CardOrder","decl":{"start":{"line":5,"column":24},"end":{"line":5,"column":33}},"loc":{"start":{"line":5,"column":69},"end":{"line":24,"column":1}},"line":5}},"branchMap":{},"s":{"0":3},"f":{"0":3},"b":{},"_coverageSchema":"1a1c01bbd47fc00a2c39e90264f33305004495a9","hash":"b4d9b43a1fc6f7d08fd0af05c233b26380f6e9f7"}
,"C:\\Burger-queen-api-client\\src\\Components\\loginForm\\loginForm.jsx": {"path":"C:\\Burger-queen-api-client\\src\\Components\\loginForm\\loginForm.jsx","statementMap":{"0":{"start":{"line":5,"column":18},"end":{"line":41,"column":1}},"1":{"start":{"line":7,"column":2},"end":{"line":40,"column":4}},"2":{"start":{"line":20,"column":27},"end":{"line":20,"column":51}},"3":{"start":{"line":31,"column":27},"end":{"line":31,"column":54}}},"fnMap":{"0":{"name":"(anonymous_0)","decl":{"start":{"line":5,"column":18},"end":{"line":5,"column":19}},"loc":{"start":{"line":5,"column":93},"end":{"line":41,"column":1}},"line":5},"1":{"name":"(anonymous_1)","decl":{"start":{"line":20,"column":20},"end":{"line":20,"column":21}},"loc":{"start":{"line":20,"column":27},"end":{"line":20,"column":51}},"line":20},"2":{"name":"(anonymous_2)","decl":{"start":{"line":31,"column":20},"end":{"line":31,"column":21}},"loc":{"start":{"line":31,"column":27},"end":{"line":31,"column":54}},"line":31}},"branchMap":{"0":{"loc":{"start":{"line":36,"column":7},"end":{"line":36,"column":90}},"type":"binary-expr","locations":[{"start":{"line":36,"column":7},"end":{"line":36,"column":19}},{"start":{"line":36,"column":23},"end":{"line":36,"column":90}}],"line":36}},"s":{"0":2,"1":6,"2":1,"3":1},"f":{"0":6,"1":1,"2":1},"b":{"0":[6,1]},"_coverageSchema":"1a1c01bbd47fc00a2c39e90264f33305004495a9","hash":"0a5372ece9fd7a6d14cbc7fc494b7b1813ba49e4"}
,"C:\\Burger-queen-api-client\\src\\Components\\productList\\productList.jsx": {"path":"C:\\Burger-queen-api-client\\src\\Components\\productList\\productList.jsx","statementMap":{"0":{"start":{"line":6,"column":2},"end":{"line":20,"column":4}},"1":{"start":{"line":9,"column":8},"end":{"line":17,"column":10}},"2":{"start":{"line":15,"column":27},"end":{"line":15,"column":52}}},"fnMap":{"0":{"name":"ProductList","decl":{"start":{"line":5,"column":24},"end":{"line":5,"column":35}},"loc":{"start":{"line":5,"column":70},"end":{"line":21,"column":1}},"line":5},"1":{"name":"(anonymous_1)","decl":{"start":{"line":8,"column":20},"end":{"line":8,"column":21}},"loc":{"start":{"line":8,"column":40},"end":{"line":18,"column":7}},"line":8},"2":{"name":"(anonymous_2)","decl":{"start":{"line":15,"column":21},"end":{"line":15,"column":22}},"loc":{"start":{"line":15,"column":27},"end":{"line":15,"column":52}},"line":15}},"branchMap":{},"s":{"0":1,"1":3,"2":1},"f":{"0":1,"1":3,"2":1},"b":{},"_coverageSchema":"1a1c01bbd47fc00a2c39e90264f33305004495a9","hash":"fe8cb733f7bb7fcaccac5092b10385796d091335"}
,"C:\\Burger-queen-api-client\\src\\Components\\productsForWaiters\\products.jsx": {"path":"C:\\Burger-queen-api-client\\src\\Components\\productsForWaiters\\products.jsx","statementMap":{"0":{"start":{"line":8,"column":4},"end":{"line":22,"column":5}},"1":{"start":{"line":11,"column":16},"end":{"line":19,"column":18}},"2":{"start":{"line":16,"column":35},"end":{"line":16,"column":62}}},"fnMap":{"0":{"name":"products","decl":{"start":{"line":7,"column":24},"end":{"line":7,"column":32}},"loc":{"start":{"line":7,"column":67},"end":{"line":23,"column":1}},"line":7},"1":{"name":"(anonymous_1)","decl":{"start":{"line":10,"column":26},"end":{"line":10,"column":27}},"loc":{"start":{"line":10,"column":46},"end":{"line":20,"column":13}},"line":10},"2":{"name":"(anonymous_2)","decl":{"start":{"line":16,"column":29},"end":{"line":16,"column":30}},"loc":{"start":{"line":16,"column":35},"end":{"line":16,"column":62}},"line":16}},"branchMap":{},"s":{"0":1,"1":3,"2":1},"f":{"0":1,"1":3,"2":1},"b":{},"_coverageSchema":"1a1c01bbd47fc00a2c39e90264f33305004495a9","hash":"f62c4063d8774599fc7711596d4276006ad337f4"}
,"C:\\Burger-queen-api-client\\src\\api_client\\api.jsx": {"path":"C:\\Burger-queen-api-client\\src\\api_client\\api.jsx","statementMap":{"0":{"start":{"line":1,"column":12},"end":{"line":264,"column":1}},"1":{"start":{"line":3,"column":18},"end":{"line":19,"column":5}},"2":{"start":{"line":4,"column":8},"end":{"line":18,"column":9}},"3":{"start":{"line":5,"column":29},"end":{"line":11,"column":14}},"4":{"start":{"line":12,"column":12},"end":{"line":14,"column":13}},"5":{"start":{"line":13,"column":16},"end":{"line":13,"column":45}},"6":{"start":{"line":16,"column":12},"end":{"line":16,"column":31}},"7":{"start":{"line":17,"column":12},"end":{"line":17,"column":108}},"8":{"start":{"line":23,"column":26},"end":{"line":49,"column":5}},"9":{"start":{"line":24,"column":8},"end":{"line":48,"column":9}},"10":{"start":{"line":25,"column":29},"end":{"line":31,"column":14}},"11":{"start":{"line":32,"column":12},"end":{"line":43,"column":13}},"12":{"start":{"line":33,"column":33},"end":{"line":33,"column":54}},"13":{"start":{"line":36,"column":16},"end":{"line":39,"column":18}},"14":{"start":{"line":37,"column":56},"end":{"line":37,"column":80}},"15":{"start":{"line":38,"column":53},"end":{"line":38,"column":77}},"16":{"start":{"line":42,"column":16},"end":{"line":42,"column":53}},"17":{"start":{"line":47,"column":12},"end":{"line":47,"column":23}},"18":{"start":{"line":54,"column":27},"end":{"line":73,"column":5}},"19":{"start":{"line":55,"column":8},"end":{"line":72,"column":9}},"20":{"start":{"line":56,"column":29},"end":{"line":63,"column":14}},"21":{"start":{"line":64,"column":12},"end":{"line":69,"column":13}},"22":{"start":{"line":65,"column":16},"end":{"line":65,"column":62}},"23":{"start":{"line":66,"column":16},"end":{"line":66,"column":32}},"24":{"start":{"line":68,"column":16},"end":{"line":68,"column":63}},"25":{"start":{"line":79,"column":26},"end":{"line":101,"column":5}},"26":{"start":{"line":80,"column":8},"end":{"line":100,"column":9}},"27":{"start":{"line":81,"column":29},"end":{"line":87,"column":14}},"28":{"start":{"line":88,"column":12},"end":{"line":97,"column":13}},"29":{"start":{"line":89,"column":37},"end":{"line":89,"column":58}},"30":{"start":{"line":90,"column":16},"end":{"line":90,"column":62}},"31":{"start":{"line":91,"column":16},"end":{"line":94,"column":17}},"32":{"start":{"line":92,"column":57},"end":{"line":92,"column":82}},"33":{"start":{"line":93,"column":58},"end":{"line":93,"column":84}},"34":{"start":{"line":96,"column":16},"end":{"line":96,"column":62}},"35":{"start":{"line":99,"column":12},"end":{"line":99,"column":60}},"36":{"start":{"line":106,"column":25},"end":{"line":130,"column":5}},"37":{"start":{"line":107,"column":8},"end":{"line":128,"column":9}},"38":{"start":{"line":108,"column":29},"end":{"line":118,"column":14}},"39":{"start":{"line":119,"column":12},"end":{"line":125,"column":13}},"40":{"start":{"line":120,"column":31},"end":{"line":120,"column":52}},"41":{"start":{"line":121,"column":16},"end":{"line":121,"column":29}},"42":{"start":{"line":124,"column":16},"end":{"line":124,"column":45}},"43":{"start":{"line":134,"column":27},"end":{"line":157,"column":5}},"44":{"start":{"line":135,"column":8},"end":{"line":156,"column":9}},"45":{"start":{"line":136,"column":29},"end":{"line":142,"column":14}},"46":{"start":{"line":143,"column":12},"end":{"line":153,"column":13}},"47":{"start":{"line":144,"column":30},"end":{"line":144,"column":51}},"48":{"start":{"line":145,"column":20},"end":{"line":149,"column":18}},"49":{"start":{"line":146,"column":48},"end":{"line":146,"column":69}},"50":{"start":{"line":147,"column":49},"end":{"line":147,"column":71}},"51":{"start":{"line":148,"column":48},"end":{"line":148,"column":69}},"52":{"start":{"line":155,"column":12},"end":{"line":155,"column":23}},"53":{"start":{"line":160,"column":31},"end":{"line":175,"column":5}},"54":{"start":{"line":161,"column":8},"end":{"line":174,"column":10}},"55":{"start":{"line":178,"column":29},"end":{"line":191,"column":5}},"56":{"start":{"line":179,"column":8},"end":{"line":190,"column":10}},"57":{"start":{"line":214,"column":33},"end":{"line":229,"column":7}},"58":{"start":{"line":215,"column":8},"end":{"line":228,"column":9}},"59":{"start":{"line":216,"column":12},"end":{"line":216,"column":76}},"60":{"start":{"line":217,"column":27},"end":{"line":222,"column":12}},"61":{"start":{"line":223,"column":10},"end":{"line":223,"column":90}},"62":{"start":{"line":224,"column":10},"end":{"line":224,"column":26}},"63":{"start":{"line":226,"column":10},"end":{"line":226,"column":83}},"64":{"start":{"line":227,"column":10},"end":{"line":227,"column":22}},"65":{"start":{"line":233,"column":32},"end":{"line":248,"column":7}},"66":{"start":{"line":234,"column":8},"end":{"line":247,"column":9}},"67":{"start":{"line":236,"column":27},"end":{"line":241,"column":12}},"68":{"start":{"line":242,"column":10},"end":{"line":242,"column":90}},"69":{"start":{"line":243,"column":10},"end":{"line":243,"column":26}},"70":{"start":{"line":245,"column":10},"end":{"line":245,"column":83}},"71":{"start":{"line":246,"column":10},"end":{"line":246,"column":22}},"72":{"start":{"line":252,"column":4},"end":{"line":263,"column":5}}},"fnMap":{"0":{"name":"(anonymous_0)","decl":{"start":{"line":1,"column":12},"end":{"line":1,"column":13}},"loc":{"start":{"line":1,"column":18},"end":{"line":264,"column":1}},"line":1},"1":{"name":"(anonymous_1)","decl":{"start":{"line":3,"column":18},"end":{"line":3,"column":19}},"loc":{"start":{"line":3,"column":45},"end":{"line":19,"column":5}},"line":3},"2":{"name":"(anonymous_2)","decl":{"start":{"line":23,"column":26},"end":{"line":23,"column":27}},"loc":{"start":{"line":23,"column":47},"end":{"line":49,"column":5}},"line":23},"3":{"name":"(anonymous_3)","decl":{"start":{"line":37,"column":48},"end":{"line":37,"column":49}},"loc":{"start":{"line":37,"column":56},"end":{"line":37,"column":80}},"line":37},"4":{"name":"(anonymous_4)","decl":{"start":{"line":38,"column":45},"end":{"line":38,"column":46}},"loc":{"start":{"line":38,"column":53},"end":{"line":38,"column":77}},"line":38},"5":{"name":"(anonymous_5)","decl":{"start":{"line":54,"column":27},"end":{"line":54,"column":28}},"loc":{"start":{"line":54,"column":55},"end":{"line":73,"column":5}},"line":54},"6":{"name":"(anonymous_6)","decl":{"start":{"line":79,"column":26},"end":{"line":79,"column":27}},"loc":{"start":{"line":79,"column":47},"end":{"line":101,"column":5}},"line":79},"7":{"name":"(anonymous_7)","decl":{"start":{"line":92,"column":49},"end":{"line":92,"column":50}},"loc":{"start":{"line":92,"column":57},"end":{"line":92,"column":82}},"line":92},"8":{"name":"(anonymous_8)","decl":{"start":{"line":93,"column":50},"end":{"line":93,"column":51}},"loc":{"start":{"line":93,"column":58},"end":{"line":93,"column":84}},"line":93},"9":{"name":"(anonymous_9)","decl":{"start":{"line":106,"column":25},"end":{"line":106,"column":26}},"loc":{"start":{"line":106,"column":57},"end":{"line":130,"column":5}},"line":106},"10":{"name":"(anonymous_10)","decl":{"start":{"line":134,"column":27},"end":{"line":134,"column":28}},"loc":{"start":{"line":134,"column":48},"end":{"line":157,"column":5}},"line":134},"11":{"name":"(anonymous_11)","decl":{"start":{"line":146,"column":40},"end":{"line":146,"column":41}},"loc":{"start":{"line":146,"column":48},"end":{"line":146,"column":69}},"line":146},"12":{"name":"(anonymous_12)","decl":{"start":{"line":147,"column":41},"end":{"line":147,"column":42}},"loc":{"start":{"line":147,"column":49},"end":{"line":147,"column":71}},"line":147},"13":{"name":"(anonymous_13)","decl":{"start":{"line":148,"column":40},"end":{"line":148,"column":41}},"loc":{"start":{"line":148,"column":48},"end":{"line":148,"column":69}},"line":148},"14":{"name":"(anonymous_14)","decl":{"start":{"line":160,"column":31},"end":{"line":160,"column":32}},"loc":{"start":{"line":160,"column":76},"end":{"line":175,"column":5}},"line":160},"15":{"name":"(anonymous_15)","decl":{"start":{"line":178,"column":29},"end":{"line":178,"column":30}},"loc":{"start":{"line":178,"column":73},"end":{"line":191,"column":5}},"line":178},"16":{"name":"(anonymous_16)","decl":{"start":{"line":214,"column":33},"end":{"line":214,"column":34}},"loc":{"start":{"line":214,"column":65},"end":{"line":229,"column":7}},"line":214},"17":{"name":"(anonymous_17)","decl":{"start":{"line":233,"column":32},"end":{"line":233,"column":33}},"loc":{"start":{"line":233,"column":59},"end":{"line":248,"column":7}},"line":233}},"branchMap":{"0":{"loc":{"start":{"line":12,"column":12},"end":{"line":14,"column":13}},"type":"if","locations":[{"start":{"line":12,"column":12},"end":{"line":14,"column":13}},{"start":{},"end":{}}],"line":12},"1":{"loc":{"start":{"line":32,"column":12},"end":{"line":43,"column":13}},"type":"if","locations":[{"start":{"line":32,"column":12},"end":{"line":43,"column":13}},{"start":{"line":41,"column":19},"end":{"line":43,"column":13}}],"line":32},"2":{"loc":{"start":{"line":64,"column":12},"end":{"line":69,"column":13}},"type":"if","locations":[{"start":{"line":64,"column":12},"end":{"line":69,"column":13}},{"start":{"line":67,"column":19},"end":{"line":69,"column":13}}],"line":64},"3":{"loc":{"start":{"line":88,"column":12},"end":{"line":97,"column":13}},"type":"if","locations":[{"start":{"line":88,"column":12},"end":{"line":97,"column":13}},{"start":{"line":95,"column":19},"end":{"line":97,"column":13}}],"line":88},"4":{"loc":{"start":{"line":119,"column":12},"end":{"line":125,"column":13}},"type":"if","locations":[{"start":{"line":119,"column":12},"end":{"line":125,"column":13}},{"start":{"line":123,"column":19},"end":{"line":125,"column":13}}],"line":119},"5":{"loc":{"start":{"line":143,"column":12},"end":{"line":153,"column":13}},"type":"if","locations":[{"start":{"line":143,"column":12},"end":{"line":153,"column":13}},{"start":{"line":151,"column":19},"end":{"line":153,"column":13}}],"line":143}},"s":{"0":1,"1":1,"2":0,"3":0,"4":0,"5":0,"6":0,"7":0,"8":1,"9":0,"10":0,"11":0,"12":0,"13":0,"14":0,"15":0,"16":0,"17":0,"18":1,"19":0,"20":0,"21":0,"22":0,"23":0,"24":0,"25":1,"26":0,"27":0,"28":0,"29":0,"30":0,"31":0,"32":0,"33":0,"34":0,"35":0,"36":1,"37":0,"38":0,"39":0,"40":0,"41":0,"42":0,"43":1,"44":0,"45":0,"46":0,"47":0,"48":0,"49":0,"50":0,"51":0,"52":0,"53":1,"54":0,"55":1,"56":0,"57":1,"58":0,"59":0,"60":0,"61":0,"62":0,"63":0,"64":0,"65":1,"66":0,"67":0,"68":0,"69":0,"70":0,"71":0,"72":1},"f":{"0":1,"1":0,"2":0,"3":0,"4":0,"5":0,"6":0,"7":0,"8":0,"9":0,"10":0,"11":0,"12":0,"13":0,"14":0,"15":0,"16":0,"17":0},"b":{"0":[0,0],"1":[0,0],"2":[0,0],"3":[0,0],"4":[0,0],"5":[0,0]},"_coverageSchema":"1a1c01bbd47fc00a2c39e90264f33305004495a9","hash":"8801504806ab68233cfaedcddb8829024b75d143"}
,"C:\\Burger-queen-api-client\\src\\pages\\login\\login.jsx": {"path":"C:\\Burger-queen-api-client\\src\\pages\\login\\login.jsx","statementMap":{"0":{"start":{"line":12,"column":14},"end":{"line":68,"column":1}},"1":{"start":{"line":14,"column":19},"end":{"line":14,"column":32}},"2":{"start":{"line":15,"column":28},"end":{"line":15,"column":40}},"3":{"start":{"line":16,"column":34},"end":{"line":16,"column":46}},"4":{"start":{"line":17,"column":42},"end":{"line":17,"column":54}},"5":{"start":{"line":19,"column":22},"end":{"line":52,"column":3}},"6":{"start":{"line":20,"column":4},"end":{"line":20,"column":23}},"7":{"start":{"line":22,"column":4},"end":{"line":25,"column":5}},"8":{"start":{"line":23,"column":6},"end":{"line":23,"column":53}},"9":{"start":{"line":24,"column":6},"end":{"line":24,"column":13}},"10":{"start":{"line":27,"column":4},"end":{"line":51,"column":5}},"11":{"start":{"line":28,"column":19},"end":{"line":28,"column":53}},"12":{"start":{"line":29,"column":6},"end":{"line":29,"column":24}},"13":{"start":{"line":31,"column":6},"end":{"line":33,"column":7}},"14":{"start":{"line":32,"column":8},"end":{"line":32,"column":28}},"15":{"start":{"line":33,"column":8},"end":{"line":37,"column":7}},"16":{"start":{"line":34,"column":8},"end":{"line":34,"column":27}},"17":{"start":{"line":35,"column":13},"end":{"line":37,"column":7}},"18":{"start":{"line":36,"column":8},"end":{"line":36,"column":27}},"19":{"start":{"line":39,"column":26},"end":{"line":39,"column":42}},"20":{"start":{"line":41,"column":6},"end":{"line":45,"column":7}},"21":{"start":{"line":42,"column":8},"end":{"line":42,"column":51}},"22":{"start":{"line":48,"column":6},"end":{"line":48,"column":22}},"23":{"start":{"line":49,"column":6},"end":{"line":49,"column":102}},"24":{"start":{"line":54,"column":2},"end":{"line":66,"column":4}}},"fnMap":{"0":{"name":"(anonymous_0)","decl":{"start":{"line":12,"column":14},"end":{"line":12,"column":15}},"loc":{"start":{"line":12,"column":20},"end":{"line":68,"column":1}},"line":12},"1":{"name":"(anonymous_1)","decl":{"start":{"line":19,"column":22},"end":{"line":19,"column":23}},"loc":{"start":{"line":19,"column":35},"end":{"line":52,"column":3}},"line":19}},"branchMap":{"0":{"loc":{"start":{"line":22,"column":4},"end":{"line":25,"column":5}},"type":"if","locations":[{"start":{"line":22,"column":4},"end":{"line":25,"column":5}},{"start":{},"end":{}}],"line":22},"1":{"loc":{"start":{"line":22,"column":8},"end":{"line":22,"column":53}},"type":"binary-expr","locations":[{"start":{"line":22,"column":8},"end":{"line":22,"column":27}},{"start":{"line":22,"column":31},"end":{"line":22,"column":53}}],"line":22},"2":{"loc":{"start":{"line":31,"column":6},"end":{"line":33,"column":7}},"type":"if","locations":[{"start":{"line":31,"column":6},"end":{"line":33,"column":7}},{"start":{},"end":{}}],"line":31},"3":{"loc":{"start":{"line":33,"column":8},"end":{"line":37,"column":7}},"type":"if","locations":[{"start":{"line":33,"column":8},"end":{"line":37,"column":7}},{"start":{"line":35,"column":13},"end":{"line":37,"column":7}}],"line":33},"4":{"loc":{"start":{"line":35,"column":13},"end":{"line":37,"column":7}},"type":"if","locations":[{"start":{"line":35,"column":13},"end":{"line":37,"column":7}},{"start":{},"end":{}}],"line":35}},"s":{"0":1,"1":5,"2":5,"3":5,"4":5,"5":5,"6":1,"7":1,"8":1,"9":1,"10":0,"11":0,"12":0,"13":0,"14":0,"15":0,"16":0,"17":0,"18":0,"19":0,"20":0,"21":0,"22":0,"23":0,"24":5},"f":{"0":5,"1":1},"b":{"0":[1,0],"1":[1,0],"2":[0,0],"3":[0,0],"4":[0,0]},"_coverageSchema":"1a1c01bbd47fc00a2c39e90264f33305004495a9","hash":"7586100a5bd5ad3750e9c04247c3f6cbb476a528"}
}
