{"C:\\Burger-queen-api-client\\src\\Components\\Logo\\logo.jsx": {"path":"C:\\Burger-queen-api-client\\src\\Components\\Logo\\logo.jsx","statementMap":{"0":{"start":{"line":6,"column":19},"end":{"line":12,"column":1}},"1":{"start":{"line":7,"column":2},"end":{"line":11,"column":4}}},"fnMap":{"0":{"name":"(anonymous_0)","decl":{"start":{"line":6,"column":19},"end":{"line":6,"column":20}},"loc":{"start":{"line":6,"column":25},"end":{"line":12,"column":1}},"line":6}},"branchMap":{},"s":{"0":1,"1":6},"f":{"0":6},"b":{},"_coverageSchema":"1a1c01bbd47fc00a2c39e90264f33305004495a9","hash":"9e87f40f9253127a91b0d03f5fc811cd005a1de2"}
,"C:\\Burger-queen-api-client\\src\\Components\\cardElement\\cardElement.jsx": {"path":"C:\\Burger-queen-api-client\\src\\Components\\cardElement\\cardElement.jsx","statementMap":{"0":{"start":{"line":7,"column":2},"end":{"line":16,"column":4}},"1":{"start":{"line":13,"column":31},"end":{"line":13,"column":45}}},"fnMap":{"0":{"name":"CardElement","decl":{"start":{"line":5,"column":24},"end":{"line":5,"column":35}},"loc":{"start":{"line":5,"column":77},"end":{"line":17,"column":1}},"line":5},"1":{"name":"(anonymous_1)","decl":{"start":{"line":13,"column":25},"end":{"line":13,"column":26}},"loc":{"start":{"line":13,"column":31},"end":{"line":13,"column":45}},"line":13}},"branchMap":{},"s":{"0":3,"1":1},"f":{"0":3,"1":1},"b":{},"_coverageSchema":"1a1c01bbd47fc00a2c39e90264f33305004495a9","hash":"2ed926acf39fe1a303be0f910272583187142659"}
,"C:\\Burger-queen-api-client\\src\\Components\\cardOrder\\cardOrder.jsx": {"path":"C:\\Burger-queen-api-client\\src\\Components\\cardOrder\\cardOrder.jsx","statementMap":{"0":{"start":{"line":6,"column":2},"end":{"line":22,"column":4}}},"fnMap":{"0":{"name":"CardOrder","decl":{"start":{"line":5,"column":24},"end":{"line":5,"column":33}},"loc":{"start":{"line":5,"column":69},"end":{"line":23,"column":1}},"line":5}},"branchMap":{},"s":{"0":3},"f":{"0":3},"b":{},"_coverageSchema":"1a1c01bbd47fc00a2c39e90264f33305004495a9","hash":"ee0ea2f4b36000a29a3e2dc087bbe1a24bdd62c6"}
,"C:\\Burger-queen-api-client\\src\\Components\\loginForm\\loginForm.jsx": {"path":"C:\\Burger-queen-api-client\\src\\Components\\loginForm\\loginForm.jsx","statementMap":{"0":{"start":{"line":5,"column":18},"end":{"line":40,"column":1}},"1":{"start":{"line":7,"column":2},"end":{"line":39,"column":4}},"2":{"start":{"line":20,"column":27},"end":{"line":20,"column":51}},"3":{"start":{"line":31,"column":27},"end":{"line":31,"column":54}}},"fnMap":{"0":{"name":"(anonymous_0)","decl":{"start":{"line":5,"column":18},"end":{"line":5,"column":19}},"loc":{"start":{"line":5,"column":103},"end":{"line":40,"column":1}},"line":5},"1":{"name":"(anonymous_1)","decl":{"start":{"line":20,"column":20},"end":{"line":20,"column":21}},"loc":{"start":{"line":20,"column":27},"end":{"line":20,"column":51}},"line":20},"2":{"name":"(anonymous_2)","decl":{"start":{"line":31,"column":20},"end":{"line":31,"column":21}},"loc":{"start":{"line":31,"column":27},"end":{"line":31,"column":54}},"line":31}},"branchMap":{"0":{"loc":{"start":{"line":35,"column":83},"end":{"line":35,"column":105}},"type":"binary-expr","locations":[{"start":{"line":35,"column":83},"end":{"line":35,"column":91}},{"start":{"line":35,"column":95},"end":{"line":35,"column":105}}],"line":35}},"s":{"0":2,"1":7,"2":1,"3":1},"f":{"0":7,"1":1,"2":1},"b":{"0":[7,2]},"_coverageSchema":"1a1c01bbd47fc00a2c39e90264f33305004495a9","hash":"4bbdc5644edcb703ccaf552d0ce10641d6d9c58a"}
,"C:\\Burger-queen-api-client\\src\\Components\\productList\\productList.jsx": {"path":"C:\\Burger-queen-api-client\\src\\Components\\productList\\productList.jsx","statementMap":{"0":{"start":{"line":6,"column":2},"end":{"line":20,"column":4}},"1":{"start":{"line":9,"column":8},"end":{"line":17,"column":10}},"2":{"start":{"line":15,"column":27},"end":{"line":15,"column":52}}},"fnMap":{"0":{"name":"ProductList","decl":{"start":{"line":5,"column":24},"end":{"line":5,"column":35}},"loc":{"start":{"line":5,"column":70},"end":{"line":21,"column":1}},"line":5},"1":{"name":"(anonymous_1)","decl":{"start":{"line":8,"column":20},"end":{"line":8,"column":21}},"loc":{"start":{"line":8,"column":40},"end":{"line":18,"column":7}},"line":8},"2":{"name":"(anonymous_2)","decl":{"start":{"line":15,"column":21},"end":{"line":15,"column":22}},"loc":{"start":{"line":15,"column":27},"end":{"line":15,"column":52}},"line":15}},"branchMap":{},"s":{"0":1,"1":3,"2":1},"f":{"0":1,"1":3,"2":1},"b":{},"_coverageSchema":"1a1c01bbd47fc00a2c39e90264f33305004495a9","hash":"fe8cb733f7bb7fcaccac5092b10385796d091335"}
,"C:\\Burger-queen-api-client\\src\\Components\\productsForWaiters\\products.jsx": {"path":"C:\\Burger-queen-api-client\\src\\Components\\productsForWaiters\\products.jsx","statementMap":{"0":{"start":{"line":8,"column":4},"end":{"line":22,"column":5}},"1":{"start":{"line":11,"column":16},"end":{"line":19,"column":18}},"2":{"start":{"line":16,"column":35},"end":{"line":16,"column":62}}},"fnMap":{"0":{"name":"products","decl":{"start":{"line":7,"column":24},"end":{"line":7,"column":32}},"loc":{"start":{"line":7,"column":67},"end":{"line":23,"column":1}},"line":7},"1":{"name":"(anonymous_1)","decl":{"start":{"line":10,"column":26},"end":{"line":10,"column":27}},"loc":{"start":{"line":10,"column":46},"end":{"line":20,"column":13}},"line":10},"2":{"name":"(anonymous_2)","decl":{"start":{"line":16,"column":29},"end":{"line":16,"column":30}},"loc":{"start":{"line":16,"column":35},"end":{"line":16,"column":62}},"line":16}},"branchMap":{},"s":{"0":1,"1":3,"2":1},"f":{"0":1,"1":3,"2":1},"b":{},"_coverageSchema":"1a1c01bbd47fc00a2c39e90264f33305004495a9","hash":"f62c4063d8774599fc7711596d4276006ad337f4"}
,"C:\\Burger-queen-api-client\\src\\api_client\\api.jsx": {"path":"C:\\Burger-queen-api-client\\src\\api_client\\api.jsx","statementMap":{"0":{"start":{"line":1,"column":12},"end":{"line":266,"column":1}},"1":{"start":{"line":3,"column":18},"end":{"line":19,"column":5}},"2":{"start":{"line":4,"column":8},"end":{"line":18,"column":9}},"3":{"start":{"line":5,"column":29},"end":{"line":11,"column":14}},"4":{"start":{"line":12,"column":12},"end":{"line":14,"column":13}},"5":{"start":{"line":13,"column":16},"end":{"line":13,"column":45}},"6":{"start":{"line":17,"column":12},"end":{"line":17,"column":108}},"7":{"start":{"line":23,"column":26},"end":{"line":49,"column":5}},"8":{"start":{"line":24,"column":8},"end":{"line":48,"column":9}},"9":{"start":{"line":25,"column":29},"end":{"line":31,"column":14}},"10":{"start":{"line":32,"column":12},"end":{"line":43,"column":13}},"11":{"start":{"line":33,"column":33},"end":{"line":33,"column":54}},"12":{"start":{"line":36,"column":16},"end":{"line":39,"column":18}},"13":{"start":{"line":37,"column":56},"end":{"line":37,"column":80}},"14":{"start":{"line":38,"column":53},"end":{"line":38,"column":77}},"15":{"start":{"line":42,"column":16},"end":{"line":42,"column":53}},"16":{"start":{"line":47,"column":12},"end":{"line":47,"column":23}},"17":{"start":{"line":53,"column":27},"end":{"line":69,"column":5}},"18":{"start":{"line":54,"column":8},"end":{"line":68,"column":9}},"19":{"start":{"line":55,"column":29},"end":{"line":62,"column":14}},"20":{"start":{"line":63,"column":12},"end":{"line":65,"column":13}},"21":{"start":{"line":64,"column":16},"end":{"line":64,"column":32}},"22":{"start":{"line":67,"column":12},"end":{"line":67,"column":58}},"23":{"start":{"line":73,"column":26},"end":{"line":95,"column":5}},"24":{"start":{"line":74,"column":8},"end":{"line":94,"column":9}},"25":{"start":{"line":75,"column":29},"end":{"line":81,"column":14}},"26":{"start":{"line":82,"column":12},"end":{"line":91,"column":13}},"27":{"start":{"line":83,"column":37},"end":{"line":83,"column":58}},"28":{"start":{"line":85,"column":16},"end":{"line":88,"column":17}},"29":{"start":{"line":86,"column":57},"end":{"line":86,"column":82}},"30":{"start":{"line":87,"column":58},"end":{"line":87,"column":84}},"31":{"start":{"line":93,"column":12},"end":{"line":93,"column":58}},"32":{"start":{"line":100,"column":25},"end":{"line":120,"column":5}},"33":{"start":{"line":101,"column":8},"end":{"line":119,"column":9}},"34":{"start":{"line":102,"column":29},"end":{"line":112,"column":14}},"35":{"start":{"line":113,"column":12},"end":{"line":116,"column":13}},"36":{"start":{"line":114,"column":31},"end":{"line":114,"column":52}},"37":{"start":{"line":115,"column":16},"end":{"line":115,"column":29}},"38":{"start":{"line":118,"column":12},"end":{"line":118,"column":58}},"39":{"start":{"line":124,"column":27},"end":{"line":144,"column":5}},"40":{"start":{"line":125,"column":8},"end":{"line":143,"column":9}},"41":{"start":{"line":126,"column":29},"end":{"line":132,"column":14}},"42":{"start":{"line":133,"column":12},"end":{"line":140,"column":13}},"43":{"start":{"line":134,"column":30},"end":{"line":134,"column":51}},"44":{"start":{"line":135,"column":16},"end":{"line":139,"column":18}},"45":{"start":{"line":136,"column":48},"end":{"line":136,"column":69}},"46":{"start":{"line":137,"column":49},"end":{"line":137,"column":71}},"47":{"start":{"line":138,"column":48},"end":{"line":138,"column":69}},"48":{"start":{"line":142,"column":12},"end":{"line":142,"column":58}},"49":{"start":{"line":147,"column":31},"end":{"line":162,"column":5}},"50":{"start":{"line":148,"column":8},"end":{"line":161,"column":10}},"51":{"start":{"line":165,"column":29},"end":{"line":178,"column":5}},"52":{"start":{"line":166,"column":8},"end":{"line":177,"column":10}},"53":{"start":{"line":181,"column":30},"end":{"line":195,"column":5}},"54":{"start":{"line":182,"column":8},"end":{"line":194,"column":10}},"55":{"start":{"line":198,"column":27},"end":{"line":210,"column":5}},"56":{"start":{"line":199,"column":8},"end":{"line":209,"column":10}},"57":{"start":{"line":216,"column":31},"end":{"line":230,"column":5}},"58":{"start":{"line":217,"column":8},"end":{"line":229,"column":9}},"59":{"start":{"line":219,"column":29},"end":{"line":224,"column":14}},"60":{"start":{"line":226,"column":12},"end":{"line":226,"column":28}},"61":{"start":{"line":228,"column":12},"end":{"line":228,"column":58}},"62":{"start":{"line":234,"column":29},"end":{"line":248,"column":5}},"63":{"start":{"line":235,"column":8},"end":{"line":247,"column":9}},"64":{"start":{"line":237,"column":29},"end":{"line":242,"column":14}},"65":{"start":{"line":244,"column":12},"end":{"line":244,"column":28}},"66":{"start":{"line":246,"column":12},"end":{"line":246,"column":58}},"67":{"start":{"line":252,"column":4},"end":{"line":265,"column":5}}},"fnMap":{"0":{"name":"(anonymous_0)","decl":{"start":{"line":1,"column":12},"end":{"line":1,"column":13}},"loc":{"start":{"line":1,"column":18},"end":{"line":266,"column":1}},"line":1},"1":{"name":"(anonymous_1)","decl":{"start":{"line":3,"column":18},"end":{"line":3,"column":19}},"loc":{"start":{"line":3,"column":45},"end":{"line":19,"column":5}},"line":3},"2":{"name":"(anonymous_2)","decl":{"start":{"line":23,"column":26},"end":{"line":23,"column":27}},"loc":{"start":{"line":23,"column":47},"end":{"line":49,"column":5}},"line":23},"3":{"name":"(anonymous_3)","decl":{"start":{"line":37,"column":48},"end":{"line":37,"column":49}},"loc":{"start":{"line":37,"column":56},"end":{"line":37,"column":80}},"line":37},"4":{"name":"(anonymous_4)","decl":{"start":{"line":38,"column":45},"end":{"line":38,"column":46}},"loc":{"start":{"line":38,"column":53},"end":{"line":38,"column":77}},"line":38},"5":{"name":"(anonymous_5)","decl":{"start":{"line":53,"column":27},"end":{"line":53,"column":28}},"loc":{"start":{"line":53,"column":55},"end":{"line":69,"column":5}},"line":53},"6":{"name":"(anonymous_6)","decl":{"start":{"line":73,"column":26},"end":{"line":73,"column":27}},"loc":{"start":{"line":73,"column":47},"end":{"line":95,"column":5}},"line":73},"7":{"name":"(anonymous_7)","decl":{"start":{"line":86,"column":49},"end":{"line":86,"column":50}},"loc":{"start":{"line":86,"column":57},"end":{"line":86,"column":82}},"line":86},"8":{"name":"(anonymous_8)","decl":{"start":{"line":87,"column":50},"end":{"line":87,"column":51}},"loc":{"start":{"line":87,"column":58},"end":{"line":87,"column":84}},"line":87},"9":{"name":"(anonymous_9)","decl":{"start":{"line":100,"column":25},"end":{"line":100,"column":26}},"loc":{"start":{"line":100,"column":57},"end":{"line":120,"column":5}},"line":100},"10":{"name":"(anonymous_10)","decl":{"start":{"line":124,"column":27},"end":{"line":124,"column":28}},"loc":{"start":{"line":124,"column":48},"end":{"line":144,"column":5}},"line":124},"11":{"name":"(anonymous_11)","decl":{"start":{"line":136,"column":40},"end":{"line":136,"column":41}},"loc":{"start":{"line":136,"column":48},"end":{"line":136,"column":69}},"line":136},"12":{"name":"(anonymous_12)","decl":{"start":{"line":137,"column":41},"end":{"line":137,"column":42}},"loc":{"start":{"line":137,"column":49},"end":{"line":137,"column":71}},"line":137},"13":{"name":"(anonymous_13)","decl":{"start":{"line":138,"column":40},"end":{"line":138,"column":41}},"loc":{"start":{"line":138,"column":48},"end":{"line":138,"column":69}},"line":138},"14":{"name":"(anonymous_14)","decl":{"start":{"line":147,"column":31},"end":{"line":147,"column":32}},"loc":{"start":{"line":147,"column":76},"end":{"line":162,"column":5}},"line":147},"15":{"name":"(anonymous_15)","decl":{"start":{"line":165,"column":29},"end":{"line":165,"column":30}},"loc":{"start":{"line":165,"column":73},"end":{"line":178,"column":5}},"line":165},"16":{"name":"(anonymous_16)","decl":{"start":{"line":181,"column":30},"end":{"line":181,"column":31}},"loc":{"start":{"line":181,"column":50},"end":{"line":195,"column":5}},"line":181},"17":{"name":"(anonymous_17)","decl":{"start":{"line":198,"column":27},"end":{"line":198,"column":28}},"loc":{"start":{"line":198,"column":44},"end":{"line":210,"column":5}},"line":198},"18":{"name":"(anonymous_18)","decl":{"start":{"line":216,"column":31},"end":{"line":216,"column":32}},"loc":{"start":{"line":216,"column":63},"end":{"line":230,"column":5}},"line":216},"19":{"name":"(anonymous_19)","decl":{"start":{"line":234,"column":29},"end":{"line":234,"column":30}},"loc":{"start":{"line":234,"column":56},"end":{"line":248,"column":5}},"line":234}},"branchMap":{"0":{"loc":{"start":{"line":12,"column":12},"end":{"line":14,"column":13}},"type":"if","locations":[{"start":{"line":12,"column":12},"end":{"line":14,"column":13}},{"start":{},"end":{}}],"line":12},"1":{"loc":{"start":{"line":32,"column":12},"end":{"line":43,"column":13}},"type":"if","locations":[{"start":{"line":32,"column":12},"end":{"line":43,"column":13}},{"start":{"line":41,"column":19},"end":{"line":43,"column":13}}],"line":32},"2":{"loc":{"start":{"line":63,"column":12},"end":{"line":65,"column":13}},"type":"if","locations":[{"start":{"line":63,"column":12},"end":{"line":65,"column":13}},{"start":{},"end":{}}],"line":63},"3":{"loc":{"start":{"line":82,"column":12},"end":{"line":91,"column":13}},"type":"if","locations":[{"start":{"line":82,"column":12},"end":{"line":91,"column":13}},{"start":{"line":89,"column":19},"end":{"line":91,"column":13}}],"line":82},"4":{"loc":{"start":{"line":113,"column":12},"end":{"line":116,"column":13}},"type":"if","locations":[{"start":{"line":113,"column":12},"end":{"line":116,"column":13}},{"start":{},"end":{}}],"line":113},"5":{"loc":{"start":{"line":133,"column":12},"end":{"line":140,"column":13}},"type":"if","locations":[{"start":{"line":133,"column":12},"end":{"line":140,"column":13}},{"start":{},"end":{}}],"line":133}},"s":{"0":1,"1":20,"2":2,"3":2,"4":1,"5":1,"6":1,"7":20,"8":2,"9":2,"10":2,"11":1,"12":1,"13":2,"14":2,"15":1,"16":1,"17":20,"18":2,"19":2,"20":1,"21":1,"22":1,"23":20,"24":2,"25":2,"26":1,"27":1,"28":1,"29":3,"30":3,"31":1,"32":20,"33":2,"34":2,"35":1,"36":1,"37":1,"38":1,"39":20,"40":2,"41":2,"42":1,"43":1,"44":1,"45":3,"46":3,"47":3,"48":1,"49":20,"50":1,"51":20,"52":1,"53":20,"54":1,"55":20,"56":1,"57":20,"58":2,"59":2,"60":1,"61":1,"62":20,"63":2,"64":2,"65":1,"66":1,"67":20},"f":{"0":20,"1":2,"2":2,"3":2,"4":2,"5":2,"6":2,"7":3,"8":3,"9":2,"10":2,"11":3,"12":3,"13":3,"14":1,"15":1,"16":1,"17":1,"18":2,"19":2},"b":{"0":[1,0],"1":[1,1],"2":[1,0],"3":[1,0],"4":[1,0],"5":[1,0]},"_coverageSchema":"1a1c01bbd47fc00a2c39e90264f33305004495a9","hash":"b08ff6a7e203d97eca4438f323db40cf597f778d"}
,"C:\\Burger-queen-api-client\\src\\pages\\login\\login.jsx": {"path":"C:\\Burger-queen-api-client\\src\\pages\\login\\login.jsx","statementMap":{"0":{"start":{"line":12,"column":14},"end":{"line":73,"column":1}},"1":{"start":{"line":14,"column":19},"end":{"line":14,"column":32}},"2":{"start":{"line":15,"column":28},"end":{"line":15,"column":40}},"3":{"start":{"line":16,"column":34},"end":{"line":16,"column":46}},"4":{"start":{"line":17,"column":42},"end":{"line":17,"column":54}},"5":{"start":{"line":18,"column":34},"end":{"line":18,"column":49}},"6":{"start":{"line":20,"column":22},"end":{"line":53,"column":3}},"7":{"start":{"line":21,"column":4},"end":{"line":21,"column":23}},"8":{"start":{"line":22,"column":4},"end":{"line":22,"column":22}},"9":{"start":{"line":24,"column":4},"end":{"line":27,"column":5}},"10":{"start":{"line":25,"column":6},"end":{"line":25,"column":53}},"11":{"start":{"line":26,"column":6},"end":{"line":26,"column":13}},"12":{"start":{"line":29,"column":4},"end":{"line":52,"column":5}},"13":{"start":{"line":30,"column":19},"end":{"line":30,"column":53}},"14":{"start":{"line":33,"column":6},"end":{"line":35,"column":7}},"15":{"start":{"line":34,"column":8},"end":{"line":34,"column":28}},"16":{"start":{"line":35,"column":8},"end":{"line":37,"column":7}},"17":{"start":{"line":36,"column":8},"end":{"line":36,"column":27}},"18":{"start":{"line":37,"column":8},"end":{"line":39,"column":7}},"19":{"start":{"line":38,"column":8},"end":{"line":38,"column":27}},"20":{"start":{"line":41,"column":26},"end":{"line":41,"column":42}},"21":{"start":{"line":43,"column":6},"end":{"line":47,"column":7}},"22":{"start":{"line":44,"column":8},"end":{"line":44,"column":51}},"23":{"start":{"line":51,"column":6},"end":{"line":51,"column":101}},"24":{"start":{"line":58,"column":2},"end":{"line":71,"column":4}}},"fnMap":{"0":{"name":"(anonymous_0)","decl":{"start":{"line":12,"column":14},"end":{"line":12,"column":15}},"loc":{"start":{"line":12,"column":20},"end":{"line":73,"column":1}},"line":12},"1":{"name":"(anonymous_1)","decl":{"start":{"line":20,"column":22},"end":{"line":20,"column":23}},"loc":{"start":{"line":20,"column":35},"end":{"line":53,"column":3}},"line":20}},"branchMap":{"0":{"loc":{"start":{"line":24,"column":4},"end":{"line":27,"column":5}},"type":"if","locations":[{"start":{"line":24,"column":4},"end":{"line":27,"column":5}},{"start":{},"end":{}}],"line":24},"1":{"loc":{"start":{"line":24,"column":8},"end":{"line":24,"column":53}},"type":"binary-expr","locations":[{"start":{"line":24,"column":8},"end":{"line":24,"column":27}},{"start":{"line":24,"column":31},"end":{"line":24,"column":53}}],"line":24},"2":{"loc":{"start":{"line":33,"column":6},"end":{"line":35,"column":7}},"type":"if","locations":[{"start":{"line":33,"column":6},"end":{"line":35,"column":7}},{"start":{},"end":{}}],"line":33},"3":{"loc":{"start":{"line":35,"column":8},"end":{"line":37,"column":7}},"type":"if","locations":[{"start":{"line":35,"column":8},"end":{"line":37,"column":7}},{"start":{},"end":{}}],"line":35},"4":{"loc":{"start":{"line":37,"column":8},"end":{"line":39,"column":7}},"type":"if","locations":[{"start":{"line":37,"column":8},"end":{"line":39,"column":7}},{"start":{},"end":{}}],"line":37}},"s":{"0":1,"1":6,"2":6,"3":6,"4":6,"5":6,"6":6,"7":2,"8":2,"9":2,"10":1,"11":1,"12":1,"13":1,"14":0,"15":0,"16":0,"17":0,"18":0,"19":0,"20":0,"21":0,"22":0,"23":1,"24":6},"f":{"0":6,"1":2},"b":{"0":[1,1],"1":[2,1],"2":[0,0],"3":[0,0],"4":[0,0]},"_coverageSchema":"1a1c01bbd47fc00a2c39e90264f33305004495a9","hash":"18513bbbbb9c21a6f22b31d800f63f4044d3b099"}
}
