TN:
SF:src\Components\Logo\logo.jsx
FN:6,(anonymous_0)
FNF:1
FNH:1
FNDA:6,(anonymous_0)
DA:6,1
DA:7,6
LF:2
LH:2
BRF:0
BRH:0
end_of_record
TN:
SF:src\Components\cardElement\cardElement.jsx
FN:5,CardElement
FN:13,(anonymous_1)
FNF:2
FNH:2
FNDA:3,CardElement
FNDA:1,(anonymous_1)
DA:7,3
DA:13,1
LF:2
LH:2
BRF:0
BRH:0
end_of_record
TN:
SF:src\Components\cardOrder\cardOrder.jsx
FN:5,CardOrder
FNF:1
FNH:1
FNDA:3,CardOrder
DA:6,3
LF:1
LH:1
BRF:0
BRH:0
end_of_record
TN:
SF:src\Components\loginForm\loginForm.jsx
FN:5,(anonymous_0)
FN:20,(anonymous_1)
FN:31,(anonymous_2)
FNF:3
FNH:3
FNDA:7,(anonymous_0)
FNDA:1,(anonymous_1)
FNDA:1,(anonymous_2)
DA:5,2
DA:7,7
DA:20,1
DA:31,1
LF:4
LH:4
BRDA:35,0,0,7
BRDA:35,0,1,2
BRF:2
BRH:2
end_of_record
TN:
SF:src\Components\productList\productList.jsx
FN:5,ProductList
FN:8,(anonymous_1)
FN:15,(anonymous_2)
FNF:3
FNH:3
FNDA:1,ProductList
FNDA:3,(anonymous_1)
FNDA:1,(anonymous_2)
DA:6,1
DA:9,3
DA:15,1
LF:3
LH:3
BRF:0
BRH:0
end_of_record
TN:
SF:src\Components\productsForWaiters\products.jsx
FN:7,products
FN:10,(anonymous_1)
FN:16,(anonymous_2)
FNF:3
FNH:3
FNDA:1,products
FNDA:3,(anonymous_1)
FNDA:1,(anonymous_2)
DA:8,1
DA:11,3
DA:16,1
LF:3
LH:3
BRF:0
BRH:0
end_of_record
TN:
SF:src\api_client\api.jsx
FN:1,(anonymous_0)
FN:3,(anonymous_1)
FN:23,(anonymous_2)
FN:37,(anonymous_3)
FN:38,(anonymous_4)
FN:53,(anonymous_5)
FN:73,(anonymous_6)
FN:86,(anonymous_7)
FN:87,(anonymous_8)
FN:100,(anonymous_9)
FN:124,(anonymous_10)
FN:136,(anonymous_11)
FN:137,(anonymous_12)
FN:138,(anonymous_13)
FN:147,(anonymous_14)
FN:165,(anonymous_15)
FN:181,(anonymous_16)
FN:198,(anonymous_17)
FN:216,(anonymous_18)
FN:234,(anonymous_19)
FNF:20
FNH:20
FNDA:20,(anonymous_0)
FNDA:2,(anonymous_1)
FNDA:2,(anonymous_2)
FNDA:2,(anonymous_3)
FNDA:2,(anonymous_4)
FNDA:2,(anonymous_5)
FNDA:2,(anonymous_6)
FNDA:3,(anonymous_7)
FNDA:3,(anonymous_8)
FNDA:2,(anonymous_9)
FNDA:2,(anonymous_10)
FNDA:3,(anonymous_11)
FNDA:3,(anonymous_12)
FNDA:3,(anonymous_13)
FNDA:1,(anonymous_14)
FNDA:1,(anonymous_15)
FNDA:1,(anonymous_16)
FNDA:1,(anonymous_17)
FNDA:2,(anonymous_18)
FNDA:2,(anonymous_19)
DA:1,1
DA:3,20
DA:4,2
DA:5,2
DA:12,1
DA:13,1
DA:17,1
DA:23,20
DA:24,2
DA:25,2
DA:32,2
DA:33,1
DA:36,1
DA:37,2
DA:38,2
DA:42,1
DA:47,1
DA:53,20
DA:54,2
DA:55,2
DA:63,1
DA:64,1
DA:67,1
DA:73,20
DA:74,2
DA:75,2
DA:82,1
DA:83,1
DA:85,1
DA:86,3
DA:87,3
DA:93,1
DA:100,20
DA:101,2
DA:102,2
DA:113,1
DA:114,1
DA:115,1
DA:118,1
DA:124,20
DA:125,2
DA:126,2
DA:133,1
DA:134,1
DA:135,1
DA:136,3
DA:137,3
DA:138,3
DA:142,1
DA:147,20
DA:148,1
DA:165,20
DA:166,1
DA:181,20
DA:182,1
DA:198,20
DA:199,1
DA:216,20
DA:217,2
DA:219,2
DA:226,1
DA:228,1
DA:234,20
DA:235,2
DA:237,2
DA:244,1
DA:246,1
DA:252,20
LF:68
LH:68
BRDA:12,0,0,1
BRDA:12,0,1,0
BRDA:32,1,0,1
BRDA:32,1,1,1
BRDA:63,2,0,1
BRDA:63,2,1,0
BRDA:82,3,0,1
BRDA:82,3,1,0
BRDA:113,4,0,1
BRDA:113,4,1,0
BRDA:133,5,0,1
BRDA:133,5,1,0
BRF:12
BRH:7
end_of_record
TN:
SF:src\pages\login\login.jsx
FN:12,(anonymous_0)
FN:20,(anonymous_1)
FNF:2
FNH:2
FNDA:6,(anonymous_0)
FNDA:2,(anonymous_1)
DA:12,1
DA:14,6
DA:15,6
DA:16,6
DA:17,6
DA:18,6
DA:20,6
DA:21,2
DA:22,2
DA:24,2
DA:25,1
DA:26,1
DA:29,1
DA:30,1
DA:33,0
DA:34,0
DA:35,0
DA:36,0
DA:37,0
DA:38,0
DA:41,0
DA:43,0
DA:44,0
DA:51,1
DA:58,6
LF:25
LH:16
BRDA:24,0,0,1
BRDA:24,0,1,1
BRDA:24,1,0,2
BRDA:24,1,1,1
BRDA:33,2,0,0
BRDA:33,2,1,0
BRDA:35,3,0,0
BRDA:35,3,1,0
BRDA:37,4,0,0
BRDA:37,4,1,0
BRF:10
BRH:4
end_of_record
