TN:
SF:src\Components\Logo\logo.jsx
FN:6,(anonymous_0)
FNF:1
FNH:1
FNDA:5,(anonymous_0)
DA:6,1
DA:7,5
LF:2
LH:2
BRF:0
BRH:0
end_of_record
TN:
SF:src\Components\cardElement\cardElement.jsx
FN:5,CardElement
FN:13,(anonymous_1)
FNF:2
FNH:2
FNDA:3,CardElement
FNDA:1,(anonymous_1)
DA:7,3
DA:13,1
LF:2
LH:2
BRF:0
BRH:0
end_of_record
TN:
SF:src\Components\cardOrder\cardOrder.jsx
FN:5,CardOrder
FNF:1
FNH:1
FNDA:3,CardOrder
DA:6,3
LF:1
LH:1
BRF:0
BRH:0
end_of_record
TN:
SF:src\Components\loginForm\loginForm.jsx
FN:5,(anonymous_0)
FN:20,(anonymous_1)
FN:31,(anonymous_2)
FNF:3
FNH:3
FNDA:6,(anonymous_0)
FNDA:1,(anonymous_1)
FNDA:1,(anonymous_2)
DA:5,2
DA:7,6
DA:20,1
DA:31,1
LF:4
LH:4
BRDA:36,0,0,6
BRDA:36,0,1,1
BRF:2
BRH:2
end_of_record
TN:
SF:src\Components\productList\productList.jsx
FN:5,ProductList
FN:8,(anonymous_1)
FN:15,(anonymous_2)
FNF:3
FNH:3
FNDA:1,ProductList
FNDA:3,(anonymous_1)
FNDA:1,(anonymous_2)
DA:6,1
DA:9,3
DA:15,1
LF:3
LH:3
BRF:0
BRH:0
end_of_record
TN:
SF:src\Components\productsForWaiters\products.jsx
FN:7,products
FN:10,(anonymous_1)
FN:16,(anonymous_2)
FNF:3
FNH:3
FNDA:1,products
FNDA:3,(anonymous_1)
FNDA:1,(anonymous_2)
DA:8,1
DA:11,3
DA:16,1
LF:3
LH:3
BRF:0
BRH:0
end_of_record
TN:
SF:src\api_client\api.jsx
FN:1,(anonymous_0)
FN:3,(anonymous_1)
FN:23,(anonymous_2)
FN:37,(anonymous_3)
FN:38,(anonymous_4)
FN:54,(anonymous_5)
FN:79,(anonymous_6)
FN:92,(anonymous_7)
FN:93,(anonymous_8)
FN:106,(anonymous_9)
FN:134,(anonymous_10)
FN:146,(anonymous_11)
FN:147,(anonymous_12)
FN:148,(anonymous_13)
FN:160,(anonymous_14)
FN:178,(anonymous_15)
FN:214,(anonymous_16)
FN:233,(anonymous_17)
FNF:18
FNH:1
FNDA:1,(anonymous_0)
FNDA:0,(anonymous_1)
FNDA:0,(anonymous_2)
FNDA:0,(anonymous_3)
FNDA:0,(anonymous_4)
FNDA:0,(anonymous_5)
FNDA:0,(anonymous_6)
FNDA:0,(anonymous_7)
FNDA:0,(anonymous_8)
FNDA:0,(anonymous_9)
FNDA:0,(anonymous_10)
FNDA:0,(anonymous_11)
FNDA:0,(anonymous_12)
FNDA:0,(anonymous_13)
FNDA:0,(anonymous_14)
FNDA:0,(anonymous_15)
FNDA:0,(anonymous_16)
FNDA:0,(anonymous_17)
DA:1,1
DA:3,1
DA:4,0
DA:5,0
DA:12,0
DA:13,0
DA:16,0
DA:17,0
DA:23,1
DA:24,0
DA:25,0
DA:32,0
DA:33,0
DA:36,0
DA:37,0
DA:38,0
DA:42,0
DA:47,0
DA:54,1
DA:55,0
DA:56,0
DA:64,0
DA:65,0
DA:66,0
DA:68,0
DA:79,1
DA:80,0
DA:81,0
DA:88,0
DA:89,0
DA:90,0
DA:91,0
DA:92,0
DA:93,0
DA:96,0
DA:99,0
DA:106,1
DA:107,0
DA:108,0
DA:119,0
DA:120,0
DA:121,0
DA:124,0
DA:134,1
DA:135,0
DA:136,0
DA:143,0
DA:144,0
DA:145,0
DA:146,0
DA:147,0
DA:148,0
DA:155,0
DA:160,1
DA:161,0
DA:178,1
DA:179,0
DA:214,1
DA:215,0
DA:216,0
DA:217,0
DA:223,0
DA:224,0
DA:226,0
DA:227,0
DA:233,1
DA:234,0
DA:236,0
DA:242,0
DA:243,0
DA:245,0
DA:246,0
DA:252,1
LF:73
LH:12
BRDA:12,0,0,0
BRDA:12,0,1,0
BRDA:32,1,0,0
BRDA:32,1,1,0
BRDA:64,2,0,0
BRDA:64,2,1,0
BRDA:88,3,0,0
BRDA:88,3,1,0
BRDA:119,4,0,0
BRDA:119,4,1,0
BRDA:143,5,0,0
BRDA:143,5,1,0
BRF:12
BRH:0
end_of_record
TN:
SF:src\pages\login\login.jsx
FN:12,(anonymous_0)
FN:19,(anonymous_1)
FNF:2
FNH:2
FNDA:5,(anonymous_0)
FNDA:1,(anonymous_1)
DA:12,1
DA:14,5
DA:15,5
DA:16,5
DA:17,5
DA:19,5
DA:20,1
DA:22,1
DA:23,1
DA:24,1
DA:27,0
DA:28,0
DA:29,0
DA:31,0
DA:32,0
DA:33,0
DA:34,0
DA:35,0
DA:36,0
DA:39,0
DA:41,0
DA:42,0
DA:48,0
DA:49,0
DA:54,5
LF:25
LH:11
BRDA:22,0,0,1
BRDA:22,0,1,0
BRDA:22,1,0,1
BRDA:22,1,1,0
BRDA:31,2,0,0
BRDA:31,2,1,0
BRDA:33,3,0,0
BRDA:33,3,1,0
BRDA:35,4,0,0
BRDA:35,4,1,0
BRF:10
BRH:2
end_of_record
